<?xml version="1.0" encoding="UTF-8"?>
<!-- Generated by org.testng.reporters.JUnitReportReporter -->
<testsuite hostname="Rahul" failures="0" tests="1" name="suiteA.TestA3" time="3.011" errors="0" timestamp="01 Dec 2022 18:36:29 GMT" skipped="0">
  <testcase classname="suiteA.TestA3" name="testA3" time="3.011"/>
</testsuite> <!-- suiteA.TestA3 -->
