<?xml version="1.0" encoding="UTF-8"?>
<!-- Generated by org.testng.reporters.JUnitReportReporter -->
<testsuite hostname="Rahul" failures="0" tests="1" name="suiteB.TestB2" time="3.023" errors="0" timestamp="01 Dec 2022 18:36:57 GMT" skipped="0">
  <testcase classname="suiteB.TestB2" name="testB2" time="3.023"/>
</testsuite> <!-- suiteB.TestB2 -->
