<?xml version="1.0" encoding="UTF-8"?>
<!-- Generated by org.testng.reporters.JUnitReportReporter -->
<testsuite hostname="Rahul" failures="0" tests="1" name="suiteB.TestB1" time="3.010" errors="0" timestamp="01 Dec 2022 18:36:57 GMT" skipped="0">
  <testcase classname="suiteB.TestB1" name="testB1" time="3.010"/>
</testsuite> <!-- suiteB.TestB1 -->
