<?xml version="1.0" encoding="UTF-8"?>
<!-- Generated by org.testng.reporters.JUnitReportReporter -->
<testsuite hostname="Rahul" failures="0" tests="1" name="suiteA.TestA1" time="3.015" errors="0" timestamp="01 Dec 2022 18:36:29 GMT" skipped="0">
  <testcase classname="suiteA.TestA1" name="testA1" time="3.015"/>
</testsuite> <!-- suiteA.TestA1 -->
