<?xml version="1.0" encoding="UTF-8"?>
<!-- Generated by org.testng.reporters.JUnitReportReporter -->
<testsuite hostname="Rahul" failures="0" tests="4" name="testcases.CustomerCommunication" time="0.003" errors="0" timestamp="13 Dec 2022 22:05:39 GMT" skipped="0">
  <testcase classname="testcases.CustomerCommunication" name="checkEmailVerification" time="0.001"/>
  <testcase classname="testcases.CustomerCommunication" name="checkEmailVerification" time="0.001"/>
  <testcase classname="testcases.CustomerCommunication" name="checkMobileVerification" time="0.001"/>
  <testcase classname="testcases.CustomerCommunication" name="checkMobileVerification" time="0.000"/>
</testsuite> <!-- testcases.CustomerCommunication -->
