<?xml version="1.0" encoding="UTF-8"?>
<!-- Generated by org.testng.reporters.JUnitReportReporter -->
<testsuite hostname="Rahul" failures="0" tests="6" name="testcases.Bookings" time="0.012" errors="0" timestamp="13 Dec 2022 22:05:39 GMT" skipped="0">
  <testcase classname="testcases.Bookings" name="guestInfo" time="0.001"/>
  <testcase classname="testcases.Bookings" name="roomType" time="0.001"/>
  <testcase classname="testcases.Bookings" name="roomType" time="0.000"/>
  <testcase classname="testcases.Bookings" name="guestInfo" time="0.001"/>
  <testcase classname="testcases.Bookings" name="searchHotel" time="0.008"/>
  <testcase classname="testcases.Bookings" name="modifyBooking" time="0.001"/>
</testsuite> <!-- testcases.Bookings -->
