<?xml version="1.0" encoding="UTF-8"?>
<!-- Generated by org.testng.reporters.JUnitReportReporter -->
<testsuite hostname="Rahul" failures="0" tests="4" name="testcases.PaymentManager" time="0.006" errors="0" timestamp="13 Dec 2022 22:05:39 GMT" skipped="0">
  <testcase classname="testcases.PaymentManager" name="applyDiscount" time="0.001"/>
  <testcase classname="testcases.PaymentManager" name="makePayment" time="0.001"/>
  <testcase classname="testcases.PaymentManager" name="makePayment" time="0.002"/>
  <testcase classname="testcases.PaymentManager" name="applyDiscount" time="0.002"/>
</testsuite> <!-- testcases.PaymentManager -->
